0 2917 24498 603 51982 0.1064016049607875 0.8286931818181583 0.18858897686685205
1 4233 25273 1056 49438 0.1434623466413606 0.80034032898467 0.24331082049440844
2 4830 27152 1269 46749 0.15102245012819665 0.7919331037874932 0.25366980906424497
3 5776 26841 1539 45844 0.17708556887512594 0.7896103896103788 0.28929179602336336
4 6106 25781 1736 46377 0.19148869445228403 0.7786279010456417 0.307382516517937
5 5916 27603 1462 45019 0.17649691219905075 0.8018433179723393 0.2893121744575531
6 4779 29109 1085 45027 0.14102337110481544 0.8149727148703817 0.2404407325166069
7 4103 27233 948 47716 0.13093566504978257 0.8123143931894513 0.22552010330969807
8 2947 24695 644 51714 0.10661312495477858 0.8206627680311662 0.18871065857792518
9 2897 23975 677 52451 0.10780738314974656 0.8105763850027753 0.19030414502296103
10 4194 27700 954 47152 0.13149808741456032 0.8146853146852988 0.22644565625812443
11 4583 25037 1405 48975 0.15472653612423987 0.765364061456233 0.25741406422724505
12 5815 27266 1488 45431 0.17578065959311936 0.7962481172120937 0.28798534069937287
13 6125 26578 1681 45616 0.1872916857780626 0.7846528311555113 0.3024019353412718
14 5749 25776 1694 46781 0.1823632038065022 0.7724036006986327 0.295062615448462
15 4560 26834 1317 47289 0.1452506848442373 0.7759060745278071 0.24469426629309363
16 4278 29445 804 45473 0.12685704118850596 0.8417945690672798 0.22048705061504098
17 2918 25113 600 51369 0.10409903321322785 0.8294485503126541 0.18498209133014742
18 2882 23497 644 52977 0.10925357291785091 0.8173567782189218 0.19274368832562813
19 4052 25564 1041 49343 0.13681793625067484 0.7956018064009268 0.23348411072433134
20 4675 27667 1180 46478 0.14454888380434067 0.7984628522630094 0.24478362172444035
21 5581 26379 1642 46398 0.17462453066332861 0.7726706354700156 0.28486843781286886
22 6026 26700 1684 45590 0.18413493858094426 0.7815823605706773 0.29805124143713413
23 5768 26639 1563 46030 0.1779862375412714 0.7867957986632003 0.29030147462892525
24 4804 27766 1133 46297 0.14749769726742357 0.8091628768738284 0.2495130755186232
25 4196 26941 903 47960 0.1347592895911612 0.8229064522455222 0.23159289102339264
26 2902 24215 614 52269 0.10701773795036286 0.8253697383389982 0.18946887341682092
27 962 24821 190 54027 0.03731140674087563 0.8350694444443719 0.0714312233072003
28 983 26817 198 52002 0.0353597122302157 0.8323454699406577 0.06783754873101037
29 847 26971 143 52039 0.030447911424257568 0.8555555555554691 0.058803110240516265
30 881 28814 152 50153 0.02966829432564395 0.8528557599224731 0.057341838056506576
31 1103 25961 198 52738 0.04075524682234688 0.8478093774019333 0.07777190198313834
32 1100 24868 205 53827 0.042359827479975194 0.8429118773945714 0.08066585999895401
33 1118 25449 218 53215 0.0420822825309593 0.8368263473053266 0.08013475252645155
