0 2949 28674 571 47806 0 0.09325490940138478 0.8377840909090671 0.16782858604463138
1 4378 30220 911 44491 1 0.12653910630672255 0.8277557194176436 0.21952014438494794
2 4649 27182 1450 46719 2 0.14605259024221626 0.7622561075586036 0.24513577640327683
3 5799 28409 1516 44276 3 0.1695217492984092 0.7927546138072346 0.27931507836126185
4 5911 25652 1931 46506 4 0.18727624116845615 0.7537617954603322 0.3000126887132005
5 5997 31615 1381 41007 5 0.15944379453365903 0.8128219029547192 0.2665925761006075
6 4621 28188 1243 45948 6 0.14084549971044485 0.7880286493860711 0.2389780983891858
7 4228 32625 823 42324 7 0.11472607386101506 0.8370619679271266 0.20179457806203524
8 2971 26017 620 50392 8 0.10249068580102076 0.8273461431355937 0.18238742746434594
9 3054 28456 520 47970 9 0.09692161218660712 0.8545047565752419 0.17409645420584832
10 4163 28491 985 46361 10 0.12748820971397035 0.808663558663543 0.22025289664860515
11 4810 30745 1178 43267 11 0.13528336380255904 0.803273213092839 0.23156729169715656
12 5535 25345 1768 47352 12 0.17924222797927405 0.7579077091606086 0.2899195976957992
13 6247 29912 1559 42282 13 0.17276473353798452 0.8002818344862823 0.28418059817390956
14 5760 27425 1683 45132 14 0.17357239716739437 0.7738814993953946 0.28354829178852153
15 4554 28754 1323 45369 15 0.1367239101717301 0.7748851454823757 0.2324358810514442
16 4002 26007 1080 48911 16 0.13335999200239884 0.787485242030681 0.22809267331027194
17 2853 25037 665 51445 17 0.10229472929365328 0.8109721432631947 0.18167345897144596
18 2979 26900 547 49574 18 0.09970213193212592 0.8448667044809743 0.1783565334341925
19 4068 27721 1025 47186 19 0.12796879423699983 0.7987433732573964 0.22059541237248562
20 4485 27143 1370 47002 20 0.14180472998608784 0.7660119555934968 0.23930848648752415
21 5655 28452 1568 44325 21 0.1658017415779747 0.782915686003035 0.27365110086638783
22 5788 25901 1922 46389 22 0.18265013096026955 0.7507133592736608 0.2938145637899362
23 5837 29263 1494 43406 23 0.1662962962962958 0.7962078843268204 0.2751290329897261
24 4658 30150 1279 43913 24 0.1338198115375772 0.7845713323227087 0.22864155108566872
25 4094 27793 1005 47108 25 0.128390880296045 0.8029025299078093 0.22138106308118607
26 2961 27907 555 48577 26 0.09592458209148602 0.8421501706484402 0.17223127033994512
27 916 23213 236 55635 27 0.03796261759708219 0.7951388888888198 0.07246548790712727
28 986 27133 195 51686 28 0.03506525836622912 0.8348856900930707 0.06730375425847465
29 772 21196 218 57814 29 0.0351420247632919 0.779797979797901 0.06725324504793645
30 860 25250 173 53717 30 0.03293757181156633 0.8325266214907229 0.06336808752905906
31 1087 26278 214 52421 31 0.03972227297642961 0.8355111452728028 0.07583897299070656
32 1080 23545 225 55150 32 0.04385786802030439 0.8275862068964883 0.08330119551685766
33 1126 26062 210 52602 33 0.041415330292776074 0.8428143712574219 0.07895105874860817
