0 3006 27818 514 48662 0 0.09752141188684112 0.8539772727272484 0.17505241088306894
1 4428 28977 861 45734 1 0.13255500673551823 0.8372093023255656 0.22887269341724148
2 4984 30643 1115 43258 2 0.13989390069329402 0.8171831447778191 0.23889181802613355
3 5889 29368 1426 43317 3 0.16703066057804075 0.8050580997949309 0.27666071593508235
4 6323 29697 1519 42461 4 0.17554136590782848 0.8062994134149348 0.28831334637526684
5 5850 28162 1528 44460 5 0.17199811831118378 0.7928978042829927 0.2826769750854645
6 4755 30918 1109 43218 6 0.13329408796568795 0.810879945429727 0.22895250015631183
7 4085 27033 966 47916 7 0.1312745035027954 0.8087507424272261 0.22588404432333847
8 3134 28893 457 47516 8 0.09785493489867894 0.8727373990531642 0.17597843785036146
9 3018 26645 556 49781 9 0.10174291204530864 0.8444320089535298 0.18160483796257265
10 4413 32319 735 42533 10 0.12014047696831068 0.8572261072260906 0.2107449856517889
11 4870 28727 1118 45285 11 0.1449534184599811 0.813293253172999 0.24605279775125707
12 5874 29048 1429 43649 12 0.16820342477521283 0.8043269889086566 0.27822380103710975
13 6157 28067 1649 44127 13 0.17990299205236038 0.7887522418652217 0.29298120387172716
14 6248 34078 1195 38479 14 0.15493726132023966 0.8394464597608379 0.2615922459909835
15 4652 28721 1225 45402 15 0.1393941209960143 0.7915603198910874 0.23704458596179737
16 4322 31308 760 43610 16 0.12130227336514139 0.8504525777252883 0.21232069166610415
17 3005 28171 513 48311 17 0.09638824736977132 0.8541785105173151 0.17322880035071517
18 2970 25429 556 51045 18 0.10458114722349342 0.8423142370958354 0.18606108063814092
19 4222 29091 871 45816 19 0.12673730975895256 0.8289809542509163 0.2198614799540809
20 4767 31000 1088 43145 20 0.13327927978303986 0.8141759180187734 0.22906155396169522
21 5859 29399 1364 43378 21 0.16617505247036085 0.8111587982832505 0.27584096416753295
22 6163 28479 1547 43811 22 0.17790543271173667 0.79935149156938 0.29103702301517415
23 5856 29046 1475 43623 23 0.16778408114148138 0.798799618060281 0.277318684412385
24 4634 27250 1303 46813 24 0.1453393551624635 0.7805288866430726 0.24504904679936926
25 4238 28693 861 46208 25 0.12869332847468912 0.831143361443404 0.22287667628495633
26 3067 27204 449 49280 26 0.10131809322453801 0.872298065984048 0.18154911650545896
27 975 25798 177 53050 27 0.03641728607178861 0.8463541666665931 0.06982990151402295
28 1001 27723 180 51096 28 0.034848906837487696 0.8475867908551357 0.06694532686082978
29 843 25673 147 53337 29 0.03179212550912645 0.8515151515150655 0.06129571729110427
30 890 27414 143 51553 30 0.03144431882419435 0.8615682478217945 0.060674233895785606
31 1158 28737 143 49962 31 0.03873557451078763 0.8900845503458193 0.07424028720831634
32 1130 27371 175 51324 32 0.03964773165853816 0.865900383141696 0.07582365965746535
33 1135 25713 201 52951 33 0.042275029797377676 0.8495508982035292 0.0805421515663302
