0 2862 22114 538 54486 0.11459000640614946 0.8417647058823282 0.20171976315905826
1 4364 27221 740 47675 0.13816685135349016 0.8550156739811745 0.23789146608305384
2 5060 26527 1133 47280 0.1601924842498491 0.8170515097690809 0.26786659605517155
3 5715 22858 1720 49707 0.20001399923004165 0.7686617350369769 0.31742946008720213
4 6487 26418 1425 45670 0.19714329129311595 0.8198938321536803 0.3178577553157819
5 5990 25992 1428 46590 0.18729285222937844 0.8074952817470907 0.3040609136750168
6 5012 27671 1093 46224 0.15335189548083056 0.8209664209664075 0.25843044237834195
7 4162 24304 934 50600 0.14620951310335087 0.8167189952904078 0.24801859242999538
8 2848 21903 528 54721 0.11506605793705259 0.8436018957345721 0.20251004370909806
9 2899 24147 480 52474 0.10718775419655363 0.857946137910599 0.19056696793423886
10 4180 23646 935 51239 0.1502192194350602 0.8172043010752529 0.2537870738330894
11 4954 25088 1200 48758 0.16490246987550708 0.805004874878115 0.27373190404957465
12 6103 28112 1302 44483 0.1783720590384329 0.8241728561782468 0.29327246513172606
13 6514 26668 1480 45338 0.19631125308902356 0.8148611458593843 0.31639790165901327
14 5919 25225 1519 47337 0.19005265861803178 0.7957784350631784 0.3068270177491868
15 4859 26103 1160 47878 0.15693430656934257 0.8072769563050206 0.2627835915467964
16 4148 23670 904 51278 0.149112085699906 0.8210609659540613 0.25238819589731804
17 2804 21467 502 55227 0.11552882040294955 0.8481548699334287 0.20335787066823896
18 2752 21063 540 55645 0.11555742179298714 0.8359659781287717 0.20304718336302502
19 4193 23943 927 50937 0.1490261586579466 0.818945312499984 0.2521650228269667
20 4768 25481 1207 48544 0.15762504545604764 0.7979916317991498 0.263250883364677
21 5892 26379 1385 46344 0.1825787859068508 0.8096743163391397 0.2979670273796991
22 6363 27471 1540 44626 0.18806525979783592 0.8051372896368366 0.3049093130488207
23 6005 25766 1458 46771 0.18900884454376574 0.8046362052793675 0.3061120456438614
24 4747 22618 1361 51274 0.1734697606431567 0.7771774721676362 0.28363158363460866
25 4178 24065 948 50809 0.14793046064511509 0.8150604760046661 0.2504120590707614
26 2954 22881 473 53692 0.11434101025740231 0.8619784067697444 0.20190007516214992
27 880 23637 159 55324 0.03589346167965071 0.8469682386909675 0.06886836749885095
28 911 24754 142 54193 0.0354958114163256 0.8651471984804496 0.06819372706780771
29 749 24808 114 54329 0.0293070391673513 0.867902665121568 0.05669947009209034
30 815 24685 103 54397 0.031960784313725364 0.8877995642700558 0.0617003558112941
31 1042 24231 151 54576 0.0412297709017527 0.8734283319362218 0.07874253758679588
32 1099 26965 127 51809 0.03916049030786759 0.8964110929852449 0.07504267667343968
33 1072 25874 163 52891 0.03978327024419194 0.8680161943319135 0.07607962810985448
