0 2857 23616 543 52984 0.10792127828353376 0.8402941176470341 0.19127640342106103
1 4132 24876 972 50020 0.14244346387203483 0.8095611285266299 0.24226078796704648
2 4871 25590 1322 48217 0.15990939233774282 0.7865331826255323 0.26578272491325966
3 5821 25328 1614 47237 0.18687598317762952 0.7829186281102787 0.30173128754922973
4 6111 24466 1801 47622 0.19985610099094026 0.7723710819009002 0.31754527264264654
5 5928 26593 1490 45989 0.18228221764398334 0.7991372337557185 0.2968527003378125
6 4888 26449 1217 47446 0.15598174681686136 0.8006552006551876 0.26109716358576024
7 4212 26671 884 48233 0.13638571382313852 0.8265306122448818 0.2341365796471584
8 2807 23214 569 53410 0.10787440913108602 0.8314573459715393 0.1909718678573427
9 2679 21352 700 55269 0.11148100370354913 0.7928381177863039 0.1954761035902033
10 4112 25699 1003 49186 0.13793566133306454 0.8039100684261817 0.23546927787684746
11 4917 27111 1237 46735 0.15352191832146825 0.7989925251868574 0.2575559163733572
12 5555 22880 1850 49715 0.19535783365570533 0.7501688048615699 0.3099888392529278
13 6392 26909 1602 45097 0.19194618780216752 0.7995996997748211 0.30957743065045734
14 5812 25316 1626 47246 0.18671292726805389 0.7813928475396507 0.3014053829486917
15 4677 24202 1342 49779 0.16195159112157567 0.7770393753115006 0.26803828296761334
16 4059 23804 993 51144 0.1456770627714168 0.8034441805225494 0.2466352726460469
17 2801 26020 505 50674 0.09718607959473961 0.8472474289170947 0.17437046718980315
18 2827 24616 465 52092 0.10301351893014575 0.8587484811664381 0.18395965509718837
19 4112 24699 1008 50181 0.14272326541945735 0.8031249999999843 0.24237423002948535
20 4670 25315 1305 48710 0.1557445389361342 0.7815899581589827 0.2597330366797415
21 5887 27373 1390 45350 0.17699939867708905 0.8089872200082341 0.2904506993316182
22 6481 28342 1422 43755 0.1861126267122299 0.8200683284828443 0.30337499411860935
23 6032 26888 1431 45649 0.18323207776427647 0.8082540533297493 0.29873956860023226
24 4964 28051 1144 45841 0.15035589883386294 0.8127046496398033 0.2537637706456322
25 4149 25201 977 49673 0.141362862010221 0.8094030433086069 0.2406891750529987
26 2889 24190 538 52383 0.10668783928505446 0.8430113802159077 0.1894053628594886
27 886 25020 153 53941 0.03420057129622468 0.8527430221365878 0.06576359249583223
28 910 25862 143 53085 0.03399073659046753 0.8641975308641154 0.06540880502416378
29 731 26858 132 52279 0.026496067273188494 0.8470451911934128 0.05138478840969439
30 775 23540 143 55542 0.03187332922064556 0.8442265795206052 0.06142749573269399
31 1034 26147 159 52660 0.03804127883447983 0.866722548197748 0.07288362584659962
32 993 21155 233 57619 0.04483474805851524 0.8099510603588246 0.08496620175270148
33 1028 22542 207 56223 0.04361476453118353 0.8323886639675439 0.08288651480609882
