0 2938 23206 582 53274 0.11237760097919175 0.8346590909090672 0.19808522112255594
1 4286 25912 1003 48799 0.1419299291343793 0.8103611268670673 0.24155324482486001
2 4907 27924 1192 45977 0.149462398343029 0.804558124282656 0.25209350112949525
3 5915 27880 1400 44805 0.17502589140405334 0.8086124401913765 0.2877645341473429
4 6428 28650 1414 43508 0.18324875990649356 0.8196888548839477 0.29953401674552904
5 5956 27509 1422 45113 0.17797699088599975 0.8072648414204282 0.2916534044705555
6 4864 29778 1000 44358 0.14040759771375746 0.8294679399727007 0.2401619512910911
7 4182 26405 869 48544 0.13672475234576736 0.8279548604236621 0.23469330487493487
8 3110 26179 481 50230 0.10618320871316841 0.8660540239487367 0.1891727493722689
9 3063 25084 511 51342 0.10882154403666428 0.8570229434806699 0.19312127610622923
10 4136 24604 1012 50248 0.14391092553931753 0.8034188034187878 0.2440982058288114
11 4900 29055 1088 44957 0.14430864379325534 0.8183032732130792 0.24534962318758946
12 5877 26884 1426 45813 0.1793901285064553 0.8047377789949226 0.2933805910245004
13 6230 26856 1576 45338 0.18829716496403254 0.7981040225467487 0.3047050767567437
14 6064 29018 1379 43539 0.17285217490450894 0.8147252451968183 0.28519694294584097
15 4678 27370 1199 46753 0.14596854717923072 0.7959843457546232 0.24669742911026224
16 4165 25390 917 49528 0.1409237015733374 0.8195592286501217 0.24049426910912267
17 2871 22789 647 53693 0.111886204208885 0.8160886867538142 0.19679210361852062
18 2954 23402 572 53072 0.1120807406283195 0.837776517300033 0.19771099656575772
19 4173 25035 920 49872 0.14287181594083764 0.8193599057529782 0.24331652135892812
20 4650 25964 1205 48181 0.15189129156594974 0.7941929974380736 0.2550111052953728
21 5610 24213 1613 48564 0.18810984810381187 0.7766855877059285 0.3028667062256924
22 6143 26695 1567 45595 0.1870698580912352 0.7967574578469416 0.3029989148355318
23 5904 27056 1427 45613 0.17912621359223246 0.8053471559132341 0.29306793077363474
24 4727 26684 1210 47379 0.15048868230874488 0.7961933636516625 0.25313269784195414
25 4179 25261 920 49640 0.1419497282608691 0.8195724651892368 0.24198731865805914
26 3037 25609 479 50875 0.10601829225720832 0.8637656427758571 0.1888564143826142
27 984 26093 168 52755 0.03634080584998325 0.8541666666665925 0.06971554074813095
28 948 23235 233 55584 0.039201091675970565 0.802709568162506 0.0747516164554007
29 868 28262 122 50748 0.02979745966357697 0.8767676767675882 0.05763612217159683
30 879 26569 154 52398 0.03202419119790137 0.8509196515004016 0.061725360759835715
31 1160 29214 141 49485 0.038190557713834075 0.8916218293619607 0.07324388318075684
32 1142 28516 163 50179 0.038505630858452905 0.8750957854405459 0.07376546199496127
33 1178 28143 158 50521 0.04017598308379646 0.8817365269460418 0.07685031150290078
