0 2966 24713 434 51887 0 0.1071570504714762 0.8723529411764449 0.19086843204074627
1 4328 27519 776 47377 1 0.13589977077903687 0.8479623824451245 0.2342561770755908
2 5007 28238 1186 45569 2 0.15060911415250366 0.8084934603584562 0.25391754143100176
3 5928 27410 1507 45155 3 0.17781510588517555 0.797310020174838 0.2907806636446692
4 6331 26610 1581 45478 4 0.19219210102911205 0.8001769464105055 0.30994051841294395
5 6106 30331 1312 42251 5 0.16757691357685822 0.8231329199244969 0.27846311706230287
6 4976 28738 1129 45157 6 0.1475944711395855 0.8150696150696017 0.2499309374661883
7 4404 29757 692 45147 7 0.1289189426539032 0.8642072213500616 0.224367628680568
8 2897 23681 479 52943 8 0.10899992474979266 0.8581161137440504 0.1934299258663571
9 2840 24001 539 52620 9 0.10580827838008977 0.8404853506954472 0.18795499667106969
10 4226 28286 889 46599 10 0.1299827755905508 0.8261974584555069 0.22462593348170254
11 5008 28372 1146 45474 11 0.15002995805871733 0.8137796555085991 0.25335154547884703
12 6032 28805 1373 43790 12 0.17314923787926578 0.8145847400405022 0.285592538203176
13 6403 27661 1591 44345 13 0.187969704086425 0.8009757317988391 0.30448428357756013
14 6060 28460 1378 44102 14 0.17555040556199253 0.8147351438558643 0.2888602888311181
15 4857 27999 1162 45982 15 0.14782688093498858 0.8069446751952017 0.24987781347865037
16 4190 26227 862 48721 16 0.1377519150475059 0.8293745051464603 0.23626265186877185
17 2809 24229 497 52465 17 0.10389082032694688 0.8496672716273185 0.18514368571746642
18 2775 24962 517 51746 18 0.10004686880340304 0.842952612393656 0.17886493278582669
19 4248 26382 872 48498 19 0.13868756121449516 0.8296874999999838 0.23765034962580717
20 4892 29190 1083 44835 20 0.1435361774543743 0.8187447698744633 0.2442519409587138
21 5859 28604 1418 44119 21 0.17000841482169232 0.8051394805551627 0.2807379012649324
22 6399 28272 1504 43825 22 0.18456346802803442 0.809692521827144 0.30060600363397255
23 6188 29760 1275 42777 23 0.17213753199065268 0.8291571753986221 0.28508903270516556
24 5044 30141 1064 43751 24 0.14335654398181003 0.8258022265880677 0.24430290845806912
25 4209 26784 917 48090 25 0.13580485916174578 0.8211080764728673 0.23306293084305355
26 2978 26008 449 50565 26 0.1027392534326913 0.8689816165742378 0.18375343224592078
27 918 24865 121 54096 27 0.03560485591281063 0.8835418671798957 0.068451271336971
28 904 24303 149 54644 28 0.03586305391359529 0.8584995251661103 0.0688499619115701
29 763 25757 100 53380 29 0.028770739064856606 0.8841251448434665 0.055728006421240504
30 805 24652 113 54430 30 0.03162195074046419 0.8769063180826931 0.06104265402171672
31 1033 24015 160 54792 31 0.04124081763014995 0.8658843252304387 0.07873175564087619
32 1055 22970 171 55804 32 0.043912591050988374 0.8605220228384289 0.08356104707800438
33 1084 24502 151 54263 33 0.042366919409051663 0.8777327935221961 0.08083218372783854